<?xml version="1.0" encoding="UTF-8"?>
<!-- Generated by org.testng.reporters.JUnitReportReporter -->
<testsuite hostname="DESKTOP-RHLDRT6" failures="0" tests="1" name="test.com.FaceBookTest" time="4.242" errors="0" timestamp="20 Jan 2024 17:18:32 GMT">
  <testcase classname="test.com.FaceBookTest" name="testFacebook" time="4.242"/>
</testsuite> <!-- test.com.FaceBookTest -->
